d:\dae\c++\games\chessresearchv1\debug\chessresearchv1.pch
d:\dae\c++\games\chessresearchv1\debug\vc142.pdb
d:\dae\c++\games\chessresearchv1\debug\vc142.idb
d:\dae\c++\games\chessresearchv1\debug\pch.obj
d:\dae\c++\games\chessresearchv1\debug\vector2f.obj
d:\dae\c++\games\chessresearchv1\debug\utils.obj
d:\dae\c++\games\chessresearchv1\debug\texture.obj
d:\dae\c++\games\chessresearchv1\debug\svgparser.obj
d:\dae\c++\games\chessresearchv1\debug\structs.obj
d:\dae\c++\games\chessresearchv1\debug\sprite.obj
d:\dae\c++\games\chessresearchv1\debug\soundstream.obj
d:\dae\c++\games\chessresearchv1\debug\soundeffect.obj
d:\dae\c++\games\chessresearchv1\debug\matrix2x3.obj
d:\dae\c++\games\chessresearchv1\debug\main.obj
d:\dae\c++\games\chessresearchv1\debug\grid.obj
d:\dae\c++\games\chessresearchv1\debug\game.obj
d:\dae\c++\games\chessresearchv1\debug\core.obj
d:\dae\c++\games\chessresearchv1\debug\chessresearchv1.exe
d:\dae\c++\games\chessresearchv1\debug\chessresearchv1.ilk
d:\dae\c++\games\chessresearchv1\debug\chessresearchv1.pdb
d:\dae\c++\games\chessresearchv1\debug\libflac-8.dll
d:\dae\c++\games\chessresearchv1\debug\libfreetype-6.dll
d:\dae\c++\games\chessresearchv1\debug\libjpeg-9.dll
d:\dae\c++\games\chessresearchv1\debug\libmodplug-1.dll
d:\dae\c++\games\chessresearchv1\debug\libmpg123-0.dll
d:\dae\c++\games\chessresearchv1\debug\libogg-0.dll
d:\dae\c++\games\chessresearchv1\debug\libopus-0.dll
d:\dae\c++\games\chessresearchv1\debug\libopusfile-0.dll
d:\dae\c++\games\chessresearchv1\debug\libpng16-16.dll
d:\dae\c++\games\chessresearchv1\debug\libtiff-5.dll
d:\dae\c++\games\chessresearchv1\debug\libvorbis-0.dll
d:\dae\c++\games\chessresearchv1\debug\libvorbisfile-3.dll
d:\dae\c++\games\chessresearchv1\debug\libwebp-7.dll
d:\dae\c++\games\chessresearchv1\debug\sdl2.dll
d:\dae\c++\games\chessresearchv1\debug\sdl2_image.dll
d:\dae\c++\games\chessresearchv1\debug\sdl2_mixer.dll
d:\dae\c++\games\chessresearchv1\debug\sdl2_ttf.dll
d:\dae\c++\games\chessresearchv1\debug\zlib1.dll
d:\dae\c++\games\chessresearchv1\debug\chessresearchv1.tlog\cl.command.1.tlog
d:\dae\c++\games\chessresearchv1\debug\chessresearchv1.tlog\cl.read.1.tlog
d:\dae\c++\games\chessresearchv1\debug\chessresearchv1.tlog\cl.write.1.tlog
d:\dae\c++\games\chessresearchv1\debug\chessresearchv1.tlog\link.command.1.tlog
d:\dae\c++\games\chessresearchv1\debug\chessresearchv1.tlog\link.read.1.tlog
d:\dae\c++\games\chessresearchv1\debug\chessresearchv1.tlog\link.write.1.tlog
