d:\dae\c++\games\chessresearchv1\release\chessresearchv1.ipdb
d:\dae\c++\games\chessresearchv1\release\chessresearchv1.iobj
d:\dae\c++\games\chessresearchv1\release\chessresearchv1.pch
d:\dae\c++\games\chessresearchv1\release\vc142.pdb
d:\dae\c++\games\chessresearchv1\release\pch.obj
d:\dae\c++\games\chessresearchv1\release\vector2f.obj
d:\dae\c++\games\chessresearchv1\release\utils.obj
d:\dae\c++\games\chessresearchv1\release\texture.obj
d:\dae\c++\games\chessresearchv1\release\svgparser.obj
d:\dae\c++\games\chessresearchv1\release\structs.obj
d:\dae\c++\games\chessresearchv1\release\sprite.obj
d:\dae\c++\games\chessresearchv1\release\soundstream.obj
d:\dae\c++\games\chessresearchv1\release\soundeffect.obj
d:\dae\c++\games\chessresearchv1\release\matrix2x3.obj
d:\dae\c++\games\chessresearchv1\release\main.obj
d:\dae\c++\games\chessresearchv1\release\grid.obj
d:\dae\c++\games\chessresearchv1\release\game.obj
d:\dae\c++\games\chessresearchv1\release\core.obj
d:\dae\c++\games\chessresearchv1\release\chessresearchv1.exe
d:\dae\c++\games\chessresearchv1\release\chessresearchv1.pdb
d:\dae\c++\games\chessresearchv1\release\libflac-8.dll
d:\dae\c++\games\chessresearchv1\release\libfreetype-6.dll
d:\dae\c++\games\chessresearchv1\release\libjpeg-9.dll
d:\dae\c++\games\chessresearchv1\release\libmodplug-1.dll
d:\dae\c++\games\chessresearchv1\release\libmpg123-0.dll
d:\dae\c++\games\chessresearchv1\release\libogg-0.dll
d:\dae\c++\games\chessresearchv1\release\libopus-0.dll
d:\dae\c++\games\chessresearchv1\release\libopusfile-0.dll
d:\dae\c++\games\chessresearchv1\release\libpng16-16.dll
d:\dae\c++\games\chessresearchv1\release\libtiff-5.dll
d:\dae\c++\games\chessresearchv1\release\libvorbis-0.dll
d:\dae\c++\games\chessresearchv1\release\libvorbisfile-3.dll
d:\dae\c++\games\chessresearchv1\release\libwebp-7.dll
d:\dae\c++\games\chessresearchv1\release\sdl2.dll
d:\dae\c++\games\chessresearchv1\release\sdl2_image.dll
d:\dae\c++\games\chessresearchv1\release\sdl2_mixer.dll
d:\dae\c++\games\chessresearchv1\release\sdl2_ttf.dll
d:\dae\c++\games\chessresearchv1\release\zlib1.dll
d:\dae\c++\games\chessresearchv1\release\chessresearchv1.tlog\chessresearchv1.write.1u.tlog
d:\dae\c++\games\chessresearchv1\release\chessresearchv1.tlog\cl.command.1.tlog
d:\dae\c++\games\chessresearchv1\release\chessresearchv1.tlog\cl.read.1.tlog
d:\dae\c++\games\chessresearchv1\release\chessresearchv1.tlog\cl.write.1.tlog
d:\dae\c++\games\chessresearchv1\release\chessresearchv1.tlog\link.command.1.tlog
d:\dae\c++\games\chessresearchv1\release\chessresearchv1.tlog\link.read.1.tlog
d:\dae\c++\games\chessresearchv1\release\chessresearchv1.tlog\link.write.1.tlog
